<?xml version="1.0" encoding="UTF-8"?>
<!-- Generated by org.testng.reporters.JUnitXMLReporter -->
<testsuite ignored="5" hostname="DESKTOP-BMMRP7G" failures="0" tests="3" name="groupingtests" time="0.126" errors="0" timestamp="2024-08-19T20:25:06 IST">
  <testcase classname="day18_TestNG_dependency_grouping.SignupTests" name="signupbyemail" time="0.025"/>
  <testcase classname="day18_TestNG_dependency_grouping.SignupTests" name="signupbyfacebook" time="0.003"/>
  <testcase classname="day18_TestNG_dependency_grouping.SignupTests" name="signupbytwitter" time="0.005"/>
  <testcase classname="day18_TestNG_dependency_grouping.PaymentTests" name="paymentinRupees" time="0.0">
    <ignored/>
  </testcase> <!-- paymentinRupees -->
  <testcase classname="day18_TestNG_dependency_grouping.PaymentTests" name="paymentinDollars" time="0.0">
    <ignored/>
  </testcase> <!-- paymentinDollars -->
  <testcase classname="day18_TestNG_dependency_grouping.LoginTests" name="loginByEmail" time="0.0">
    <ignored/>
  </testcase> <!-- loginByEmail -->
  <testcase classname="day18_TestNG_dependency_grouping.LoginTests" name="loginByFacebook" time="0.0">
    <ignored/>
  </testcase> <!-- loginByFacebook -->
  <testcase classname="day18_TestNG_dependency_grouping.LoginTests" name="loginBytwitter" time="0.0">
    <ignored/>
  </testcase> <!-- loginBytwitter -->
</testsuite> <!-- groupingtests -->
