<?xml version="1.0" encoding="UTF-8"?>
<testng-results ignored="0" total="1" passed="1" failed="0" skipped="0">
  <reporter-output>
  </reporter-output>
  <suite started-at="2024-08-21T11:57:28 IST" name="Suite" finished-at="2024-08-21T11:58:20 IST" duration-ms="51842">
    <groups>
    </groups>
    <test started-at="2024-08-21T11:57:28 IST" name="Test" finished-at="2024-08-21T11:58:20 IST" duration-ms="51842">
      <class name="day21_Page_object_model.LoginTest">
        <test-method is-config="true" signature="setup()[pri:0, instance:day21_Page_object_model.LoginTest@4f6ee6e4]" started-at="2024-08-21T11:57:28 IST" name="setup" finished-at="2024-08-21T11:58:13 IST" duration-ms="44611" status="PASS">
          <reporter-output>
          </reporter-output>
        </test-method> <!-- setup -->
        <test-method signature="testLogin()[pri:0, instance:day21_Page_object_model.LoginTest@4f6ee6e4]" started-at="2024-08-21T11:58:13 IST" name="testLogin" finished-at="2024-08-21T11:58:19 IST" duration-ms="6123" status="PASS">
          <reporter-output>
          </reporter-output>
        </test-method> <!-- testLogin -->
        <test-method is-config="true" signature="tearDown()[pri:0, instance:day21_Page_object_model.LoginTest@4f6ee6e4]" started-at="2024-08-21T11:58:19 IST" name="tearDown" finished-at="2024-08-21T11:58:20 IST" duration-ms="1014" status="PASS">
          <reporter-output>
          </reporter-output>
        </test-method> <!-- tearDown -->
      </class> <!-- day21_Page_object_model.LoginTest -->
    </test> <!-- Test -->
  </suite> <!-- Suite -->
</testng-results>
