<?xml version="1.0" encoding="UTF-8"?>
<!-- Generated by org.testng.reporters.JUnitXMLReporter -->
<testsuite ignored="0" hostname="DESKTOP-BMMRP7G" failures="0" tests="7" name="my tests" time="22.366" errors="0" timestamp="2024-08-19T19:05:53 IST">
  <testcase classname="day16_TestNG.OrangeHRMTest" name="openapp" time="16.606"/>
  <testcase classname="day16_TestNG.OrangeHRMTest" name="testLogo" time="3.094"/>
  <testcase classname="day16_TestNG.OrangeHRMTest" name="testLogin" time="2.131"/>
  <testcase classname="day16_TestNG.OrangeHRMTest" name="closeApp" time="0.419"/>
  <testcase classname="day16_TestNG.FirstTestCase" name="openapp" time="0.001"/>
  <testcase classname="day16_TestNG.FirstTestCase" name="login" time="0.005"/>
  <testcase classname="day16_TestNG.FirstTestCase" name="logout" time="0.003"/>
</testsuite> <!-- my tests -->
