<?xml version="1.0" encoding="UTF-8"?>
<!-- Generated by org.testng.reporters.JUnitXMLReporter -->
<testsuite ignored="0" hostname="DESKTOP-BMMRP7G" failures="0" tests="3" name="chromeTest" time="68.942" errors="0" timestamp="2024-08-19T22:13:19 IST">
  <testcase classname="day19_dataprovider_paralle_testing.ParamTest" name="testLogo" time="0.074"/>
  <testcase classname="day19_dataprovider_paralle_testing.ParamTest" name="testTitle" time="0.016"/>
  <testcase classname="day19_dataprovider_paralle_testing.ParamTest" name="testURL" time="0.261"/>
</testsuite> <!-- chromeTest -->
